2024-07-28 01:35:25,381 - DEBUG - this is a debug message.
2024-07-28 01:35:25,381 - INFO - this is an info message.
2024-07-28 01:35:25,381 - WARNING - this is a warning message.
2024-07-28 01:35:25,381 - ERROR - this is an error message.
2024-07-28 01:35:25,381 - CRITICAL - this is a critical message.
this is a debug message.
this is an info message.
this is a warning message.
this is an error message.
this is a critical message.
2024-07-28 01:47:49,835 - __main__ - DEBUG - this is a debug message.
2024-07-28 01:47:49,837 - __main__ - INFO - this is an info message.
2024-07-28 01:47:49,837 - __main__ - WARNING - this is a warning message.
2024-07-28 01:47:49,837 - __main__ - ERROR - this is an error message.
2024-07-28 01:47:49,837 - __main__ - CRITICAL - this is a critical message.
2024-07-28 01:59:24,154 - __main__ - DEBUG - this is a debug message.
2024-07-28 01:59:24,155 - __main__ - INFO - this is an info message.
2024-07-28 01:59:24,155 - __main__ - WARNING - this is a warning message.
2024-07-28 01:59:24,155 - __main__ - ERROR - this is an error message.
2024-07-28 01:59:24,155 - __main__ - CRITICAL - this is a critical message.
